<?xml version="1.0" encoding="UTF-8"?>
<!-- Generated by org.testng.reporters.JUnitXMLReporter -->
<testsuite ignored="0" hostname="macbookpro.lan" failures="0" tests="3" name="Default test" time="44.594" errors="0" timestamp="2025-01-21T19:35:11 EST">
  <testcase classname="irctctestcase.irctctestcase" name="fbregistration" time="22.657"/>
  <testcase classname="irctctestcase.irctctestcase" name="fbregistration" time="10.763"/>
  <testcase classname="irctctestcase.irctctestcase" name="fbregistration" time="10.716"/>
</testsuite> <!-- Default test -->
