<?xml version="1.0" encoding="UTF-8"?>
<testng-results ignored="0" total="3" passed="3" failed="0" skipped="0">
  <reporter-output>
  </reporter-output>
  <suite started-at="2025-01-21T19:34:26 EST" name="Default suite" finished-at="2025-01-21T19:35:11 EST" duration-ms="44594">
    <groups>
    </groups>
    <test started-at="2025-01-21T19:34:26 EST" name="Default test" finished-at="2025-01-21T19:35:11 EST" duration-ms="44594">
      <class name="irctctestcase.irctctestcase">
        <test-method signature="fbregistration(java.lang.String,java.lang.String,java.lang.String)[pri:0, instance:irctctestcase.irctctestcase@5fdcaa40]" started-at="2025-01-21T19:34:27 EST" name="fbregistration" data-provider="irctcreg" finished-at="2025-01-21T19:34:50 EST" duration-ms="22657" status="PASS">
          <params>
            <param index="0">
              <value>
                <![CDATA[Ripal123]]>
              </value>
            </param>
            <param index="1">
              <value>
                <![CDATA[poi@123]]>
              </value>
            </param>
            <param index="2">
              <value>
                <![CDATA[English]]>
              </value>
            </param>
          </params>
          <reporter-output>
          </reporter-output>
        </test-method> <!-- fbregistration -->
        <test-method signature="fbregistration(java.lang.String,java.lang.String,java.lang.String)[pri:0, instance:irctctestcase.irctctestcase@5fdcaa40]" started-at="2025-01-21T19:34:50 EST" name="fbregistration" data-provider="irctcreg" finished-at="2025-01-21T19:35:00 EST" duration-ms="10763" status="PASS">
          <params>
            <param index="0">
              <value>
                <![CDATA[Vruti09]]>
              </value>
            </param>
            <param index="1">
              <value>
                <![CDATA[lkj@098]]>
              </value>
            </param>
            <param index="2">
              <value>
                <![CDATA[English]]>
              </value>
            </param>
          </params>
          <reporter-output>
          </reporter-output>
        </test-method> <!-- fbregistration -->
        <test-method signature="fbregistration(java.lang.String,java.lang.String,java.lang.String)[pri:0, instance:irctctestcase.irctctestcase@5fdcaa40]" started-at="2025-01-21T19:35:00 EST" name="fbregistration" data-provider="irctcreg" finished-at="2025-01-21T19:35:11 EST" duration-ms="10716" status="PASS">
          <params>
            <param index="0">
              <value>
                <![CDATA[Jay45]]>
              </value>
            </param>
            <param index="1">
              <value>
                <![CDATA[mnb@765]]>
              </value>
            </param>
            <param index="2">
              <value>
                <![CDATA[English]]>
              </value>
            </param>
          </params>
          <reporter-output>
          </reporter-output>
        </test-method> <!-- fbregistration -->
      </class> <!-- irctctestcase.irctctestcase -->
    </test> <!-- Default test -->
  </suite> <!-- Default suite -->
</testng-results>
