<?xml version="1.0" encoding="UTF-8"?>
<!-- Generated by org.testng.reporters.JUnitXMLReporter -->
<testsuite ignored="0" hostname="Nupen" failures="0" tests="6" name="Test" time="100.705" errors="0" timestamp="2024-04-17T12:49:39 CDT">
  <testcase classname="fbtestcase.fbregtestcase" name="fbregistration" time="14.636"/>
  <testcase classname="fbtestcase.fbregtestcase" name="fbregistration" time="11.495"/>
  <testcase classname="fbtestcase.fbregtestcase" name="fbregistration" time="10.012"/>
  <testcase classname="irctctestcase.irctctestcase" name="fbregistration" time="38.79"/>
  <testcase classname="irctctestcase.irctctestcase" name="fbregistration" time="28.248"/>
  <testcase classname="irctctestcase.irctctestcase" name="fbregistration" time="32.73"/>
</testsuite> <!-- Test -->
